nohup: ignoring input
2023-06-16 12:29:30.956563: I tensorflow/core/platform/cpu_feature_guard.cc:142] This TensorFlow binary is optimized with oneAPI Deep Neural Network Library (oneDNN) to use the following CPU instructions in performance-critical operations:  AVX2 FMA
To enable them in other operations, rebuild TensorFlow with the appropriate compiler flags.
2023-06-16 12:29:34.267112: I tensorflow/core/common_runtime/gpu/gpu_device.cc:1510] Created device /job:localhost/replica:0/task:0/device:GPU:0 with 25369 MB memory:  -> device: 0, name: Tesla V100-PCIE-32GB, pci bus id: 0000:81:00.0, compute capability: 7.0
2023-06-16 12:29:36.822275: I tensorflow/compiler/mlir/mlir_graph_optimization_pass.cc:185] None of the MLIR Optimization Passes are enabled (registered 2)
../../../code/Zplusjets_code/ZjetsTransformations.py:21: RuntimeWarning: invalid value encountered in log
  spher_all_new[:,3+0]=np.log(spher_all[:,3+0])
../../../code/Zplusjets_code/ZjetsTransformations.py:22: RuntimeWarning: invalid value encountered in log
  spher_all_new[:,6+0]=np.log(spher_all[:,6+0])
../../../code/Zplusjets_code/ZjetsTransformations.py:25: RuntimeWarning: invalid value encountered in arctanh
  spher_all_new[:,2]=np.arctanh(spher_all[:,2]/np.pi)
../../../code/Zplusjets_code/ZjetsTransformations.py:26: RuntimeWarning: invalid value encountered in arctanh
  spher_all_new[:,3+2]=np.arctanh(spher_all[:,3+2]/np.pi)
../../../code/Zplusjets_code/ZjetsTransformations.py:27: RuntimeWarning: invalid value encountered in arctanh
  spher_all[:,6+2]=np.arctanh(spher_all[:,6+2]/np.pi)
../../../code/Zplusjets_code/ZjetsTransformations.py:29: RuntimeWarning: invalid value encountered in log
  spher_all_new[:,9]=np.log(spher_all[:,9]+1)
../../../code/Zplusjets_code/ZjetsTransformations.py:67: RuntimeWarning: invalid value encountered in log
  spher_all[:,3+0]=np.log(spher_all[:,3+0])
../../../code/Zplusjets_code/ZjetsTransformations.py:68: RuntimeWarning: invalid value encountered in log
  spher_all[:,6+0]=np.log(spher_all[:,6+0])
../../../code/Zplusjets_code/ZjetsTransformations.py:69: RuntimeWarning: invalid value encountered in log
  spher_all[:,10+0]=np.log(spher_all[:,10+0])
../../../code/Zplusjets_code/ZjetsTransformations.py:72: RuntimeWarning: invalid value encountered in arctanh
  spher_all[:,2]=np.arctanh(spher_all[:,2]/np.pi)
../../../code/Zplusjets_code/ZjetsTransformations.py:73: RuntimeWarning: invalid value encountered in arctanh
  spher_all[:,3+2]=np.arctanh(spher_all[:,3+2]/np.pi)
../../../code/Zplusjets_code/ZjetsTransformations.py:74: RuntimeWarning: invalid value encountered in arctanh
  spher_all[:,6+2]=np.arctanh(spher_all[:,6+2]/np.pi)
../../../code/Zplusjets_code/ZjetsTransformations.py:119: RuntimeWarning: invalid value encountered in log
  spher_all[:,3+0]=np.log(spher_all[:,3+0])
../../../code/Zplusjets_code/ZjetsTransformations.py:120: RuntimeWarning: invalid value encountered in log
  spher_all[:,6+0]=np.log(spher_all[:,6+0])
../../../code/Zplusjets_code/ZjetsTransformations.py:121: RuntimeWarning: invalid value encountered in log
  spher_all[:,10+0]=np.log(spher_all[:,10+0])
