Successfully loaded GPU model: NVIDIA GeForce RTX 2080 Ti
Loading events dataset...
Events dataset loaded in 0.8168077640002593 seconds. Shape: (3987098, 12)
file exists
===========
Standardizing train/test data for run 1 .

===========

Train/text data standardized in 0.00448277301620692 s.

===========
Running 1 / 12 with hyperparameters:
 timestamp= Mon, 05 Jun 2023 13:22:28 
 ndims= 12 
 seed_train= 0 
 nsamples= 100000 
 correlation= None 
 activation= relu 
 eps_regulariser= 0 
 regulariser= None 
 bijector= MAFN 
 nbijectors= 5 
 spline_knots= 8 
 range_min= -5 
 batch_size= 512 
 hidden_layers= [128, 128, 128] 
 epocs_input= 1000 
 training_device= NVIDIA GeForce RTX 2080 Ti 
 
===========

Training model.

Train first sample: [-0.5894242   1.0665622  -0.23791106 -0.08094089 -0.50117004 -0.9928192
 -0.42125896  0.08020908  0.68678784 -0.64648056  0.92785245  1.1443974 ]
KerasTensor(type_spec=TensorSpec(shape=(None, 12), dtype=tf.float32, name='input_1'), name='input_1', description="created by layer 'input_1'")
####### log_prob####
KerasTensor(type_spec=TensorSpec(shape=(None,), dtype=tf.float32, name=None), name='tf.__operators__.add_37/AddV2:0', description="created by layer 'tf.__operators__.add_37'")
No weights found. Training from scratch.
No history found. Generating new history.
Epoch 1/1000

 Epoch 1/1000 
	 loss: 13.9602, val_loss: 12.0287

Epoch 00001: val_loss improved from inf to 12.02870, saving model to ../../results/MAFN/Z1j_full/run_1//model_checkpoint/weights
137/137 - 13s - loss: 13.9602 - val_loss: 12.0287 - lr: 0.0010 - 13s/epoch - 96ms/step
